DEBUG btpool0-2 org.springframework.security.web.FilterChainProxy - /resources/dijit/themes/tundra/images/spriteArrows.png at position 10 of 10 in additional filter chain; firing Filter: 'org.springframework.security.web.access.intercept.FilterSecurityInterceptor@19fc4e'
DEBUG btpool0-2 org.springframework.security.web.access.expression.ExpressionBasedFilterInvocationSecurityMetadataSource - Converted URL to lowercase, from: '/resources/dijit/themes/tundra/images/spritearrows.png'; to: '/resources/dijit/themes/tundra/images/spritearrows.png'
DEBUG btpool0-2 org.springframework.security.web.access.expression.ExpressionBasedFilterInvocationSecurityMetadataSource - Candidate is: '/resources/dijit/themes/tundra/images/spritearrows.png'; pattern is /choice/**; matched=false
DEBUG btpool0-4 org.springframework.security.web.access.intercept.FilterSecurityInterceptor - Previously Authenticated: org.springframework.security.authentication.UsernamePasswordAuthenticationToken@b564fcb2: Principal: org.springframework.security.core.userdetails.User@f14ac400: Username: user; Password: [PROTECTED]; Enabled: true; AccountNonExpired: true; credentialsNonExpired: true; AccountNonLocked: true; Granted Authorities: ROLE_USER; Password: [PROTECTED]; Authenticated: true; Details: org.springframework.security.web.authentication.WebAuthenticationDetails@0: RemoteIpAddress: 127.0.0.1; SessionId: bavsi9zx1v5f; Granted Authorities: ROLE_USER
DEBUG btpool0-4 org.springframework.security.access.vote.AffirmativeBased - Voter: org.springframework.security.web.access.expression.WebExpressionVoter@1ccbdf7, returned: 1
DEBUG btpool0-4 org.springframework.security.web.access.intercept.FilterSecurityInterceptor - Authorization successful
DEBUG btpool0-4 org.springframework.security.web.access.intercept.FilterSecurityInterceptor - RunAsManager did not change Authentication object
DEBUG btpool0-4 org.springframework.security.web.FilterChainProxy - /static/images/it.png reached end of additional filter chain; proceeding with original chain
DEBUG btpool0-2 org.springframework.security.web.access.expression.ExpressionBasedFilterInvocationSecurityMetadataSource - Candidate is: '/resources/dijit/themes/tundra/images/spritearrows.png'; pattern is /member/**; matched=false
DEBUG btpool0-2 org.springframework.security.web.access.expression.ExpressionBasedFilterInvocationSecurityMetadataSource - Candidate is: '/resources/dijit/themes/tundra/images/spritearrows.png'; pattern is /bisen/**; matched=false
DEBUG btpool0-2 org.springframework.security.web.access.expression.ExpressionBasedFilterInvocationSecurityMetadataSource - Candidate is: '/resources/dijit/themes/tundra/images/spritearrows.png'; pattern is /author/**; matched=false
DEBUG btpool0-2 org.springframework.security.web.access.expression.ExpressionBasedFilterInvocationSecurityMetadataSource - Candidate is: '/resources/dijit/themes/tundra/images/spritearrows.png'; pattern is /doc/**; matched=false
DEBUG btpool0-2 org.springframework.security.web.access.expression.ExpressionBasedFilterInvocationSecurityMetadataSource - Candidate is: '/resources/dijit/themes/tundra/images/spritearrows.png'; pattern is /genre/**; matched=false
DEBUG btpool0-2 org.springframework.security.web.access.expression.ExpressionBasedFilterInvocationSecurityMetadataSource - Candidate is: '/resources/dijit/themes/tundra/images/spritearrows.png'; pattern is /resources/**; matched=true
DEBUG btpool0-2 org.springframework.security.web.access.intercept.FilterSecurityInterceptor - Secure object: FilterInvocation: URL: /resources/dijit/themes/tundra/images/spriteArrows.png; Attributes: [permitAll]
DEBUG btpool0-2 org.springframework.security.web.access.intercept.FilterSecurityInterceptor - Previously Authenticated: org.springframework.security.authentication.UsernamePasswordAuthenticationToken@b564fcb2: Principal: org.springframework.security.core.userdetails.User@f14ac400: Username: user; Password: [PROTECTED]; Enabled: true; AccountNonExpired: true; credentialsNonExpired: true; AccountNonLocked: true; Granted Authorities: ROLE_USER; Password: [PROTECTED]; Authenticated: true; Details: org.springframework.security.web.authentication.WebAuthenticationDetails@0: RemoteIpAddress: 127.0.0.1; SessionId: bavsi9zx1v5f; Granted Authorities: ROLE_USER
DEBUG btpool0-2 org.springframework.security.access.vote.AffirmativeBased - Voter: org.springframework.security.web.access.expression.WebExpressionVoter@1ccbdf7, returned: 1
DEBUG btpool0-2 org.springframework.security.web.access.intercept.FilterSecurityInterceptor - Authorization successful
DEBUG btpool0-2 org.springframework.security.web.access.intercept.FilterSecurityInterceptor - RunAsManager did not change Authentication object
DEBUG btpool0-2 org.springframework.security.web.FilterChainProxy - /resources/dijit/themes/tundra/images/spriteArrows.png reached end of additional filter chain; proceeding with original chain
DEBUG btpool0-4 org.springframework.security.web.access.ExceptionTranslationFilter - Chain processed normally
DEBUG btpool0-4 org.springframework.security.web.context.SecurityContextPersistenceFilter - SecurityContextHolder now cleared, as request processing completed
DEBUG btpool0-2 org.springframework.js.resource.ResourceServlet - Checking last modified of resource: /dijit/themes/tundra/images/spriteArrows.png
DEBUG btpool0-4 org.springframework.orm.jpa.support.OpenEntityManagerInViewFilter - Closing JPA EntityManager in OpenEntityManagerInViewFilter
DEBUG btpool0-2 org.springframework.js.resource.ResourceServlet - Searching classpath for resource: META-INF/dijit/themes/tundra/images/spriteArrows.png
DEBUG btpool0-4 org.springframework.orm.jpa.EntityManagerFactoryUtils - Closing JPA EntityManager
DEBUG btpool0-4 org.hibernate.impl.SessionImpl - opened session at timestamp: 12686832370
DEBUG btpool0-2 org.springframework.security.web.access.ExceptionTranslationFilter - Chain processed normally
DEBUG btpool0-2 org.springframework.security.web.context.SecurityContextPersistenceFilter - SecurityContextHolder now cleared, as request processing completed
DEBUG btpool0-2 org.springframework.orm.jpa.support.OpenEntityManagerInViewFilter - Closing JPA EntityManager in OpenEntityManagerInViewFilter
DEBUG btpool0-2 org.springframework.orm.jpa.EntityManagerFactoryUtils - Closing JPA EntityManager
DEBUG btpool0-2 org.hibernate.impl.SessionImpl - opened session at timestamp: 12686832370
DEBUG btpool0-2 org.springframework.orm.jpa.support.OpenEntityManagerInViewFilter - Using EntityManagerFactory 'entityManagerFactory' for OpenEntityManagerInViewFilter
DEBUG btpool0-2 org.springframework.beans.factory.support.DefaultListableBeanFactory - Returning cached instance of singleton bean 'entityManagerFactory'
DEBUG btpool0-2 org.springframework.orm.jpa.support.OpenEntityManagerInViewFilter - Opening JPA EntityManager in OpenEntityManagerInViewFilter
DEBUG btpool0-2 org.springframework.security.web.FilterChainProxy - Converted URL to lowercase, from: '/'; to: '/'
DEBUG btpool0-2 org.springframework.security.web.FilterChainProxy - Candidate is: '/'; pattern is /**; matched=true
DEBUG btpool0-2 org.springframework.security.web.FilterChainProxy - / at position 1 of 10 in additional filter chain; firing Filter: 'org.springframework.security.web.context.SecurityContextPersistenceFilter@160e796'
DEBUG btpool0-2 org.springframework.security.web.context.HttpSessionSecurityContextRepository - Obtained a valid SecurityContext from SPRING_SECURITY_CONTEXT: 'org.springframework.security.core.context.SecurityContextImpl@b564fcb2: Authentication: org.springframework.security.authentication.UsernamePasswordAuthenticationToken@b564fcb2: Principal: org.springframework.security.core.userdetails.User@f14ac400: Username: user; Password: [PROTECTED]; Enabled: true; AccountNonExpired: true; credentialsNonExpired: true; AccountNonLocked: true; Granted Authorities: ROLE_USER; Password: [PROTECTED]; Authenticated: true; Details: org.springframework.security.web.authentication.WebAuthenticationDetails@0: RemoteIpAddress: 127.0.0.1; SessionId: bavsi9zx1v5f; Granted Authorities: ROLE_USER'
DEBUG btpool0-2 org.springframework.security.web.FilterChainProxy - / at position 2 of 10 in additional filter chain; firing Filter: 'org.springframework.security.web.authentication.logout.LogoutFilter@333b2e'
DEBUG btpool0-2 org.springframework.security.web.FilterChainProxy - / at position 3 of 10 in additional filter chain; firing Filter: 'org.springframework.security.web.authentication.UsernamePasswordAuthenticationFilter@1727745'
DEBUG btpool0-2 org.springframework.security.web.FilterChainProxy - / at position 4 of 10 in additional filter chain; firing Filter: 'org.springframework.security.web.authentication.www.BasicAuthenticationFilter@1f480e3'
DEBUG btpool0-2 org.springframework.security.web.FilterChainProxy - / at position 5 of 10 in additional filter chain; firing Filter: 'org.springframework.security.web.savedrequest.RequestCacheAwareFilter@139ed6d'
DEBUG btpool0-2 org.springframework.security.web.FilterChainProxy - / at position 6 of 10 in additional filter chain; firing Filter: 'org.springframework.security.web.servletapi.SecurityContextHolderAwareRequestFilter@12a961'
DEBUG btpool0-2 org.springframework.security.web.FilterChainProxy - / at position 7 of 10 in additional filter chain; firing Filter: 'org.springframework.security.web.authentication.AnonymousAuthenticationFilter@14b2819'
DEBUG btpool0-2 org.springframework.security.web.authentication.AnonymousAuthenticationFilter - SecurityContextHolder not populated with anonymous token, as it already contained: 'org.springframework.security.authentication.UsernamePasswordAuthenticationToken@b564fcb2: Principal: org.springframework.security.core.userdetails.User@f14ac400: Username: user; Password: [PROTECTED]; Enabled: true; AccountNonExpired: true; credentialsNonExpired: true; AccountNonLocked: true; Granted Authorities: ROLE_USER; Password: [PROTECTED]; Authenticated: true; Details: org.springframework.security.web.authentication.WebAuthenticationDetails@0: RemoteIpAddress: 127.0.0.1; SessionId: bavsi9zx1v5f; Granted Authorities: ROLE_USER'
DEBUG btpool0-2 org.springframework.security.web.FilterChainProxy - / at position 8 of 10 in additional filter chain; firing Filter: 'org.springframework.security.web.session.SessionManagementFilter@135b95d'
DEBUG btpool0-2 org.springframework.security.web.FilterChainProxy - / at position 9 of 10 in additional filter chain; firing Filter: 'org.springframework.security.web.access.ExceptionTranslationFilter@1cba87'
DEBUG btpool0-2 org.springframework.security.web.FilterChainProxy - / at position 10 of 10 in additional filter chain; firing Filter: 'org.springframework.security.web.access.intercept.FilterSecurityInterceptor@19fc4e'
DEBUG btpool0-2 org.springframework.security.web.access.expression.ExpressionBasedFilterInvocationSecurityMetadataSource - Converted URL to lowercase, from: '/'; to: '/'
DEBUG btpool0-2 org.springframework.security.web.access.expression.ExpressionBasedFilterInvocationSecurityMetadataSource - Candidate is: '/'; pattern is /choice/**; matched=false
DEBUG btpool0-2 org.springframework.security.web.access.expression.ExpressionBasedFilterInvocationSecurityMetadataSource - Candidate is: '/'; pattern is /member/**; matched=false
DEBUG btpool0-2 org.springframework.security.web.access.expression.ExpressionBasedFilterInvocationSecurityMetadataSource - Candidate is: '/'; pattern is /bisen/**; matched=false
DEBUG btpool0-2 org.springframework.security.web.access.expression.ExpressionBasedFilterInvocationSecurityMetadataSource - Candidate is: '/'; pattern is /author/**; matched=false
DEBUG btpool0-2 org.springframework.security.web.access.expression.ExpressionBasedFilterInvocationSecurityMetadataSource - Candidate is: '/'; pattern is /doc/**; matched=false
DEBUG btpool0-2 org.springframework.security.web.access.expression.ExpressionBasedFilterInvocationSecurityMetadataSource - Candidate is: '/'; pattern is /genre/**; matched=false
DEBUG btpool0-2 org.springframework.security.web.access.expression.ExpressionBasedFilterInvocationSecurityMetadataSource - Candidate is: '/'; pattern is /resources/**; matched=false
DEBUG btpool0-2 org.springframework.security.web.access.expression.ExpressionBasedFilterInvocationSecurityMetadataSource - Candidate is: '/'; pattern is /static/**; matched=false
DEBUG btpool0-2 org.springframework.security.web.access.expression.ExpressionBasedFilterInvocationSecurityMetadataSource - Candidate is: '/'; pattern is /login; matched=false
DEBUG btpool0-2 org.springframework.security.web.access.expression.ExpressionBasedFilterInvocationSecurityMetadataSource - Candidate is: '/'; pattern is /**; matched=true
DEBUG btpool0-2 org.springframework.security.web.access.intercept.FilterSecurityInterceptor - Secure object: FilterInvocation: URL: /; Attributes: [permitAll]
DEBUG btpool0-2 org.springframework.security.web.access.intercept.FilterSecurityInterceptor - Previously Authenticated: org.springframework.security.authentication.UsernamePasswordAuthenticationToken@b564fcb2: Principal: org.springframework.security.core.userdetails.User@f14ac400: Username: user; Password: [PROTECTED]; Enabled: true; AccountNonExpired: true; credentialsNonExpired: true; AccountNonLocked: true; Granted Authorities: ROLE_USER; Password: [PROTECTED]; Authenticated: true; Details: org.springframework.security.web.authentication.WebAuthenticationDetails@0: RemoteIpAddress: 127.0.0.1; SessionId: bavsi9zx1v5f; Granted Authorities: ROLE_USER
DEBUG btpool0-2 org.springframework.security.access.vote.AffirmativeBased - Voter: org.springframework.security.web.access.expression.WebExpressionVoter@1ccbdf7, returned: 1
DEBUG btpool0-2 org.springframework.security.web.access.intercept.FilterSecurityInterceptor - Authorization successful
DEBUG btpool0-2 org.springframework.security.web.access.intercept.FilterSecurityInterceptor - RunAsManager did not change Authentication object
DEBUG btpool0-2 org.springframework.security.web.FilterChainProxy - / reached end of additional filter chain; proceeding with original chain
DEBUG btpool0-2 org.springframework.web.servlet.DispatcherServlet - DispatcherServlet with name 'hunglish' determining Last-Modified value for [/hunglish/app/index]
DEBUG btpool0-2 org.springframework.web.servlet.handler.SimpleUrlHandlerMapping - Mapping [/index] to handler 'org.springframework.web.servlet.mvc.ParameterizableViewController@f8db08'
DEBUG btpool0-2 org.springframework.web.servlet.DispatcherServlet - Last-Modified value for [/hunglish/app/index] is: -1
DEBUG btpool0-2 org.springframework.web.servlet.DispatcherServlet - DispatcherServlet with name 'hunglish' processing GET request for [/hunglish/app/index]
DEBUG btpool0-2 org.springframework.beans.factory.support.DefaultListableBeanFactory - Invoking afterPropertiesSet() on bean with name 'index'
DEBUG btpool0-2 org.springframework.web.servlet.DispatcherServlet - Rendering view [org.springframework.web.servlet.view.tiles2.TilesView: name 'index'; URL [index]] in DispatcherServlet with name 'hunglish'
DEBUG btpool0-2 org.apache.tiles.impl.BasicTilesContainer - Render request recieved for definition 'index'
DEBUG btpool0-2 org.springframework.web.servlet.DispatcherServlet - Successfully completed request
DEBUG btpool0-2 org.springframework.security.web.access.ExceptionTranslationFilter - Chain processed normally
DEBUG btpool0-2 org.springframework.security.web.context.SecurityContextPersistenceFilter - SecurityContextHolder now cleared, as request processing completed
DEBUG btpool0-2 org.springframework.orm.jpa.support.OpenEntityManagerInViewFilter - Closing JPA EntityManager in OpenEntityManagerInViewFilter
DEBUG btpool0-2 org.springframework.orm.jpa.EntityManagerFactoryUtils - Closing JPA EntityManager
DEBUG btpool0-2 org.hibernate.impl.SessionImpl - opened session at timestamp: 12686832447
DEBUG btpool0-2 org.springframework.orm.jpa.support.OpenEntityManagerInViewFilter - Using EntityManagerFactory 'entityManagerFactory' for OpenEntityManagerInViewFilter
DEBUG btpool0-2 org.springframework.beans.factory.support.DefaultListableBeanFactory - Returning cached instance of singleton bean 'entityManagerFactory'
DEBUG btpool0-2 org.springframework.orm.jpa.support.OpenEntityManagerInViewFilter - Opening JPA EntityManager in OpenEntityManagerInViewFilter
DEBUG btpool0-2 org.springframework.security.web.FilterChainProxy - Converted URL to lowercase, from: '/static/images/bullet-arrow.png'; to: '/static/images/bullet-arrow.png'
DEBUG btpool0-2 org.springframework.security.web.FilterChainProxy - Candidate is: '/static/images/bullet-arrow.png'; pattern is /**; matched=true
DEBUG btpool0-2 org.springframework.security.web.FilterChainProxy - /static/images/bullet-arrow.png at position 1 of 10 in additional filter chain; firing Filter: 'org.springframework.security.web.context.SecurityContextPersistenceFilter@160e796'
DEBUG btpool0-2 org.springframework.security.web.context.HttpSessionSecurityContextRepository - Obtained a valid SecurityContext from SPRING_SECURITY_CONTEXT: 'org.springframework.security.core.context.SecurityContextImpl@b564fcb2: Authentication: org.springframework.security.authentication.UsernamePasswordAuthenticationToken@b564fcb2: Principal: org.springframework.security.core.userdetails.User@f14ac400: Username: user; Password: [PROTECTED]; Enabled: true; AccountNonExpired: true; credentialsNonExpired: true; AccountNonLocked: true; Granted Authorities: ROLE_USER; Password: [PROTECTED]; Authenticated: true; Details: org.springframework.security.web.authentication.WebAuthenticationDetails@0: RemoteIpAddress: 127.0.0.1; SessionId: bavsi9zx1v5f; Granted Authorities: ROLE_USER'
DEBUG btpool0-2 org.springframework.security.web.FilterChainProxy - /static/images/bullet-arrow.png at position 2 of 10 in additional filter chain; firing Filter: 'org.springframework.security.web.authentication.logout.LogoutFilter@333b2e'
DEBUG btpool0-2 org.springframework.security.web.FilterChainProxy - /static/images/bullet-arrow.png at position 3 of 10 in additional filter chain; firing Filter: 'org.springframework.security.web.authentication.UsernamePasswordAuthenticationFilter@1727745'
DEBUG btpool0-2 org.springframework.security.web.FilterChainProxy - /static/images/bullet-arrow.png at position 4 of 10 in additional filter chain; firing Filter: 'org.springframework.security.web.authentication.www.BasicAuthenticationFilter@1f480e3'
DEBUG btpool0-2 org.springframework.security.web.FilterChainProxy - /static/images/bullet-arrow.png at position 5 of 10 in additional filter chain; firing Filter: 'org.springframework.security.web.savedrequest.RequestCacheAwareFilter@139ed6d'
DEBUG btpool0-2 org.springframework.security.web.FilterChainProxy - /static/images/bullet-arrow.png at position 6 of 10 in additional filter chain; firing Filter: 'org.springframework.security.web.servletapi.SecurityContextHolderAwareRequestFilter@12a961'
DEBUG btpool0-2 org.springframework.security.web.FilterChainProxy - /static/images/bullet-arrow.png at position 7 of 10 in additional filter chain; firing Filter: 'org.springframework.security.web.authentication.AnonymousAuthenticationFilter@14b2819'
DEBUG btpool0-2 org.springframework.security.web.authentication.AnonymousAuthenticationFilter - SecurityContextHolder not populated with anonymous token, as it already contained: 'org.springframework.security.authentication.UsernamePasswordAuthenticationToken@b564fcb2: Principal: org.springframework.security.core.userdetails.User@f14ac400: Username: user; Password: [PROTECTED]; Enabled: true; AccountNonExpired: true; credentialsNonExpired: true; AccountNonLocked: true; Granted Authorities: ROLE_USER; Password: [PROTECTED]; Authenticated: true; Details: org.springframework.security.web.authentication.WebAuthenticationDetails@0: RemoteIpAddress: 127.0.0.1; SessionId: bavsi9zx1v5f; Granted Authorities: ROLE_USER'
DEBUG btpool0-2 org.springframework.security.web.FilterChainProxy - /static/images/bullet-arrow.png at position 8 of 10 in additional filter chain; firing Filter: 'org.springframework.security.web.session.SessionManagementFilter@135b95d'
DEBUG btpool0-2 org.springframework.security.web.FilterChainProxy - /static/images/bullet-arrow.png at position 9 of 10 in additional filter chain; firing Filter: 'org.springframework.security.web.access.ExceptionTranslationFilter@1cba87'
DEBUG btpool0-2 org.springframework.security.web.FilterChainProxy - /static/images/bullet-arrow.png at position 10 of 10 in additional filter chain; firing Filter: 'org.springframework.security.web.access.intercept.FilterSecurityInterceptor@19fc4e'
DEBUG btpool0-2 org.springframework.security.web.access.expression.ExpressionBasedFilterInvocationSecurityMetadataSource - Converted URL to lowercase, from: '/static/images/bullet-arrow.png'; to: '/static/images/bullet-arrow.png'
DEBUG btpool0-2 org.springframework.security.web.access.expression.ExpressionBasedFilterInvocationSecurityMetadataSource - Candidate is: '/static/images/bullet-arrow.png'; pattern is /choice/**; matched=false
DEBUG btpool0-2 org.springframework.security.web.access.expression.ExpressionBasedFilterInvocationSecurityMetadataSource - Candidate is: '/static/images/bullet-arrow.png'; pattern is /member/**; matched=false
DEBUG btpool0-2 org.springframework.security.web.access.expression.ExpressionBasedFilterInvocationSecurityMetadataSource - Candidate is: '/static/images/bullet-arrow.png'; pattern is /bisen/**; matched=false
DEBUG btpool0-2 org.springframework.security.web.access.expression.ExpressionBasedFilterInvocationSecurityMetadataSource - Candidate is: '/static/images/bullet-arrow.png'; pattern is /author/**; matched=false
DEBUG btpool0-4 org.springframework.orm.jpa.support.OpenEntityManagerInViewFilter - Using EntityManagerFactory 'entityManagerFactory' for OpenEntityManagerInViewFilter
DEBUG btpool0-2 org.springframework.security.web.access.expression.ExpressionBasedFilterInvocationSecurityMetadataSource - Candidate is: '/static/images/bullet-arrow.png'; pattern is /doc/**; matched=false
DEBUG btpool0-4 org.springframework.beans.factory.support.DefaultListableBeanFactory - Returning cached instance of singleton bean 'entityManagerFactory'
DEBUG btpool0-2 org.springframework.security.web.access.expression.ExpressionBasedFilterInvocationSecurityMetadataSource - Candidate is: '/static/images/bullet-arrow.png'; pattern is /genre/**; matched=false
DEBUG btpool0-2 org.springframework.security.web.access.expression.ExpressionBasedFilterInvocationSecurityMetadataSource - Candidate is: '/static/images/bullet-arrow.png'; pattern is /resources/**; matched=false
DEBUG btpool0-2 org.springframework.security.web.access.expression.ExpressionBasedFilterInvocationSecurityMetadataSource - Candidate is: '/static/images/bullet-arrow.png'; pattern is /static/**; matched=true
DEBUG btpool0-2 org.springframework.security.web.access.intercept.FilterSecurityInterceptor - Secure object: FilterInvocation: URL: /static/images/bullet-arrow.png; Attributes: [permitAll]
DEBUG btpool0-2 org.springframework.security.web.access.intercept.FilterSecurityInterceptor - Previously Authenticated: org.springframework.security.authentication.UsernamePasswordAuthenticationToken@b564fcb2: Principal: org.springframework.security.core.userdetails.User@f14ac400: Username: user; Password: [PROTECTED]; Enabled: true; AccountNonExpired: true; credentialsNonExpired: true; AccountNonLocked: true; Granted Authorities: ROLE_USER; Password: [PROTECTED]; Authenticated: true; Details: org.springframework.security.web.authentication.WebAuthenticationDetails@0: RemoteIpAddress: 127.0.0.1; SessionId: bavsi9zx1v5f; Granted Authorities: ROLE_USER
DEBUG btpool0-2 org.springframework.security.access.vote.AffirmativeBased - Voter: org.springframework.security.web.access.expression.WebExpressionVoter@1ccbdf7, returned: 1
DEBUG btpool0-2 org.springframework.security.web.access.intercept.FilterSecurityInterceptor - Authorization successful
DEBUG btpool0-2 org.springframework.security.web.access.intercept.FilterSecurityInterceptor - RunAsManager did not change Authentication object
DEBUG btpool0-2 org.springframework.security.web.FilterChainProxy - /static/images/bullet-arrow.png reached end of additional filter chain; proceeding with original chain
DEBUG btpool0-4 org.springframework.orm.jpa.support.OpenEntityManagerInViewFilter - Opening JPA EntityManager in OpenEntityManagerInViewFilter
DEBUG btpool0-4 org.springframework.security.web.FilterChainProxy - Converted URL to lowercase, from: '/static/images/sub-bullet.gif'; to: '/static/images/sub-bullet.gif'
DEBUG btpool0-4 org.springframework.security.web.FilterChainProxy - Candidate is: '/static/images/sub-bullet.gif'; pattern is /**; matched=true
DEBUG btpool0-4 org.springframework.security.web.FilterChainProxy - /static/images/sub-bullet.gif at position 1 of 10 in additional filter chain; firing Filter: 'org.springframework.security.web.context.SecurityContextPersistenceFilter@160e796'
DEBUG btpool0-4 org.springframework.security.web.context.HttpSessionSecurityContextRepository - Obtained a valid SecurityContext from SPRING_SECURITY_CONTEXT: 'org.springframework.security.core.context.SecurityContextImpl@b564fcb2: Authentication: org.springframework.security.authentication.UsernamePasswordAuthenticationToken@b564fcb2: Principal: org.springframework.security.core.userdetails.User@f14ac400: Username: user; Password: [PROTECTED]; Enabled: true; AccountNonExpired: true; credentialsNonExpired: true; AccountNonLocked: true; Granted Authorities: ROLE_USER; Password: [PROTECTED]; Authenticated: true; Details: org.springframework.security.web.authentication.WebAuthenticationDetails@0: RemoteIpAddress: 127.0.0.1; SessionId: bavsi9zx1v5f; Granted Authorities: ROLE_USER'
DEBUG btpool0-4 org.springframework.security.web.FilterChainProxy - /static/images/sub-bullet.gif at position 2 of 10 in additional filter chain; firing Filter: 'org.springframework.security.web.authentication.logout.LogoutFilter@333b2e'
DEBUG btpool0-4 org.springframework.security.web.FilterChainProxy - /static/images/sub-bullet.gif at position 3 of 10 in additional filter chain; firing Filter: 'org.springframework.security.web.authentication.UsernamePasswordAuthenticationFilter@1727745'
DEBUG btpool0-4 org.springframework.security.web.FilterChainProxy - /static/images/sub-bullet.gif at position 4 of 10 in additional filter chain; firing Filter: 'org.springframework.security.web.authentication.www.BasicAuthenticationFilter@1f480e3'
DEBUG btpool0-4 org.springframework.security.web.FilterChainProxy - /static/images/sub-bullet.gif at position 5 of 10 in additional filter chain; firing Filter: 'org.springframework.security.web.savedrequest.RequestCacheAwareFilter@139ed6d'
DEBUG btpool0-4 org.springframework.security.web.FilterChainProxy - /static/images/sub-bullet.gif at position 6 of 10 in additional filter chain; firing Filter: 'org.springframework.security.web.servletapi.SecurityContextHolderAwareRequestFilter@12a961'
DEBUG btpool0-4 org.springframework.security.web.FilterChainProxy - /static/images/sub-bullet.gif at position 7 of 10 in additional filter chain; firing Filter: 'org.springframework.security.web.authentication.AnonymousAuthenticationFilter@14b2819'
DEBUG btpool0-4 org.springframework.security.web.authentication.AnonymousAuthenticationFilter - SecurityContextHolder not populated with anonymous token, as it already contained: 'org.springframework.security.authentication.UsernamePasswordAuthenticationToken@b564fcb2: Principal: org.springframework.security.core.userdetails.User@f14ac400: Username: user; Password: [PROTECTED]; Enabled: true; AccountNonExpired: true; credentialsNonExpired: true; AccountNonLocked: true; Granted Authorities: ROLE_USER; Password: [PROTECTED]; Authenticated: true; Details: org.springframework.security.web.authentication.WebAuthenticationDetails@0: RemoteIpAddress: 127.0.0.1; SessionId: bavsi9zx1v5f; Granted Authorities: ROLE_USER'
DEBUG btpool0-4 org.springframework.security.web.FilterChainProxy - /static/images/sub-bullet.gif at position 8 of 10 in additional filter chain; firing Filter: 'org.springframework.security.web.session.SessionManagementFilter@135b95d'
DEBUG btpool0-2 org.springframework.web.servlet.DispatcherServlet - DispatcherServlet with name 'hunglish' determining Last-Modified value for [/hunglish/app/resourceNotFound]
DEBUG btpool0-4 org.springframework.security.web.FilterChainProxy - /static/images/sub-bullet.gif at position 9 of 10 in additional filter chain; firing Filter: 'org.springframework.security.web.access.ExceptionTranslationFilter@1cba87'
DEBUG btpool0-4 org.springframework.security.web.FilterChainProxy - /static/images/sub-bullet.gif at position 10 of 10 in additional filter chain; firing Filter: 'org.springframework.security.web.access.intercept.FilterSecurityInterceptor@19fc4e'
DEBUG btpool0-2 org.springframework.web.servlet.handler.SimpleUrlHandlerMapping - Mapping [/resourceNotFound] to handler 'org.springframework.web.servlet.mvc.ParameterizableViewController@18f1327'
DEBUG btpool0-2 org.springframework.web.servlet.DispatcherServlet - Last-Modified value for [/hunglish/app/resourceNotFound] is: -1
DEBUG btpool0-2 org.springframework.web.servlet.DispatcherServlet - DispatcherServlet with name 'hunglish' processing GET request for [/hunglish/app/resourceNotFound]
DEBUG btpool0-2 org.springframework.web.servlet.DispatcherServlet - Rendering view [org.springframework.web.servlet.view.tiles2.TilesView: name 'resourceNotFound'; URL [resourceNotFound]] in DispatcherServlet with name 'hunglish'
DEBUG btpool0-2 org.apache.tiles.impl.BasicTilesContainer - Render request recieved for definition 'resourceNotFound'
DEBUG btpool0-2 org.springframework.web.servlet.DispatcherServlet - Successfully completed request
DEBUG btpool0-2 org.springframework.security.web.access.ExceptionTranslationFilter - Chain processed normally
DEBUG btpool0-2 org.springframework.security.web.context.SecurityContextPersistenceFilter - SecurityContextHolder now cleared, as request processing completed
DEBUG btpool0-2 org.springframework.orm.jpa.support.OpenEntityManagerInViewFilter - Closing JPA EntityManager in OpenEntityManagerInViewFilter
DEBUG btpool0-2 org.springframework.orm.jpa.EntityManagerFactoryUtils - Closing JPA EntityManager
DEBUG btpool0-2 org.hibernate.impl.SessionImpl - opened session at timestamp: 12686832450
DEBUG btpool0-4 org.springframework.security.web.access.expression.ExpressionBasedFilterInvocationSecurityMetadataSource - Converted URL to lowercase, from: '/static/images/sub-bullet.gif'; to: '/static/images/sub-bullet.gif'
DEBUG btpool0-4 org.springframework.security.web.access.expression.ExpressionBasedFilterInvocationSecurityMetadataSource - Candidate is: '/static/images/sub-bullet.gif'; pattern is /choice/**; matched=false
DEBUG btpool0-4 org.springframework.security.web.access.expression.ExpressionBasedFilterInvocationSecurityMetadataSource - Candidate is: '/static/images/sub-bullet.gif'; pattern is /member/**; matched=false
DEBUG btpool0-4 org.springframework.security.web.access.expression.ExpressionBasedFilterInvocationSecurityMetadataSource - Candidate is: '/static/images/sub-bullet.gif'; pattern is /bisen/**; matched=false
DEBUG btpool0-4 org.springframework.security.web.access.expression.ExpressionBasedFilterInvocationSecurityMetadataSource - Candidate is: '/static/images/sub-bullet.gif'; pattern is /author/**; matched=false
DEBUG btpool0-4 org.springframework.security.web.access.expression.ExpressionBasedFilterInvocationSecurityMetadataSource - Candidate is: '/static/images/sub-bullet.gif'; pattern is /doc/**; matched=false
DEBUG btpool0-4 org.springframework.security.web.access.expression.ExpressionBasedFilterInvocationSecurityMetadataSource - Candidate is: '/static/images/sub-bullet.gif'; pattern is /genre/**; matched=false
DEBUG btpool0-4 org.springframework.security.web.access.expression.ExpressionBasedFilterInvocationSecurityMetadataSource - Candidate is: '/static/images/sub-bullet.gif'; pattern is /resources/**; matched=false
DEBUG btpool0-4 org.springframework.security.web.access.expression.ExpressionBasedFilterInvocationSecurityMetadataSource - Candidate is: '/static/images/sub-bullet.gif'; pattern is /static/**; matched=true
DEBUG btpool0-4 org.springframework.security.web.access.intercept.FilterSecurityInterceptor - Secure object: FilterInvocation: URL: /static/images/sub-bullet.gif; Attributes: [permitAll]
DEBUG btpool0-4 org.springframework.security.web.access.intercept.FilterSecurityInterceptor - Previously Authenticated: org.springframework.security.authentication.UsernamePasswordAuthenticationToken@b564fcb2: Principal: org.springframework.security.core.userdetails.User@f14ac400: Username: user; Password: [PROTECTED]; Enabled: true; AccountNonExpired: true; credentialsNonExpired: true; AccountNonLocked: true; Granted Authorities: ROLE_USER; Password: [PROTECTED]; Authenticated: true; Details: org.springframework.security.web.authentication.WebAuthenticationDetails@0: RemoteIpAddress: 127.0.0.1; SessionId: bavsi9zx1v5f; Granted Authorities: ROLE_USER
DEBUG btpool0-4 org.springframework.security.access.vote.AffirmativeBased - Voter: org.springframework.security.web.access.expression.WebExpressionVoter@1ccbdf7, returned: 1
DEBUG btpool0-4 org.springframework.security.web.access.intercept.FilterSecurityInterceptor - Authorization successful
DEBUG btpool0-4 org.springframework.security.web.access.intercept.FilterSecurityInterceptor - RunAsManager did not change Authentication object
DEBUG btpool0-4 org.springframework.security.web.FilterChainProxy - /static/images/sub-bullet.gif reached end of additional filter chain; proceeding with original chain
DEBUG btpool0-4 org.springframework.web.servlet.DispatcherServlet - DispatcherServlet with name 'hunglish' determining Last-Modified value for [/hunglish/app/resourceNotFound]
DEBUG btpool0-4 org.springframework.web.servlet.handler.SimpleUrlHandlerMapping - Mapping [/resourceNotFound] to handler 'org.springframework.web.servlet.mvc.ParameterizableViewController@18f1327'
DEBUG btpool0-4 org.springframework.web.servlet.DispatcherServlet - Last-Modified value for [/hunglish/app/resourceNotFound] is: -1
DEBUG btpool0-4 org.springframework.web.servlet.DispatcherServlet - DispatcherServlet with name 'hunglish' processing GET request for [/hunglish/app/resourceNotFound]
DEBUG btpool0-4 org.springframework.web.servlet.DispatcherServlet - Rendering view [org.springframework.web.servlet.view.tiles2.TilesView: name 'resourceNotFound'; URL [resourceNotFound]] in DispatcherServlet with name 'hunglish'
DEBUG btpool0-4 org.apache.tiles.impl.BasicTilesContainer - Render request recieved for definition 'resourceNotFound'
DEBUG btpool0-4 org.springframework.web.servlet.DispatcherServlet - Successfully completed request
DEBUG btpool0-4 org.springframework.security.web.access.ExceptionTranslationFilter - Chain processed normally
DEBUG btpool0-4 org.springframework.security.web.context.SecurityContextPersistenceFilter - SecurityContextHolder now cleared, as request processing completed
DEBUG btpool0-4 org.springframework.orm.jpa.support.OpenEntityManagerInViewFilter - Closing JPA EntityManager in OpenEntityManagerInViewFilter
DEBUG btpool0-4 org.springframework.orm.jpa.EntityManagerFactoryUtils - Closing JPA EntityManager
DEBUG btpool0-4 org.hibernate.impl.SessionImpl - opened session at timestamp: 12686832451
DEBUG btpool0-4 org.springframework.orm.jpa.support.OpenEntityManagerInViewFilter - Using EntityManagerFactory 'entityManagerFactory' for OpenEntityManagerInViewFilter
DEBUG btpool0-4 org.springframework.beans.factory.support.DefaultListableBeanFactory - Returning cached instance of singleton bean 'entityManagerFactory'
DEBUG btpool0-4 org.springframework.orm.jpa.support.OpenEntityManagerInViewFilter - Opening JPA EntityManager in OpenEntityManagerInViewFilter
DEBUG btpool0-4 org.springframework.security.web.FilterChainProxy - Converted URL to lowercase, from: '/'; to: '/'
DEBUG btpool0-4 org.springframework.security.web.FilterChainProxy - Candidate is: '/'; pattern is /**; matched=true
DEBUG btpool0-4 org.springframework.security.web.FilterChainProxy - / at position 1 of 10 in additional filter chain; firing Filter: 'org.springframework.security.web.context.SecurityContextPersistenceFilter@160e796'
DEBUG btpool0-4 org.springframework.security.web.context.HttpSessionSecurityContextRepository - No HttpSession currently exists
DEBUG btpool0-4 org.springframework.security.web.context.HttpSessionSecurityContextRepository - No SecurityContext was available from the HttpSession: null. A new one will be created.
DEBUG btpool0-4 org.springframework.security.web.FilterChainProxy - / at position 2 of 10 in additional filter chain; firing Filter: 'org.springframework.security.web.authentication.logout.LogoutFilter@333b2e'
DEBUG btpool0-4 org.springframework.security.web.FilterChainProxy - / at position 3 of 10 in additional filter chain; firing Filter: 'org.springframework.security.web.authentication.UsernamePasswordAuthenticationFilter@1727745'
DEBUG btpool0-4 org.springframework.security.web.FilterChainProxy - / at position 4 of 10 in additional filter chain; firing Filter: 'org.springframework.security.web.authentication.www.BasicAuthenticationFilter@1f480e3'
DEBUG btpool0-4 org.springframework.security.web.FilterChainProxy - / at position 5 of 10 in additional filter chain; firing Filter: 'org.springframework.security.web.savedrequest.RequestCacheAwareFilter@139ed6d'
DEBUG btpool0-4 org.springframework.security.web.FilterChainProxy - / at position 6 of 10 in additional filter chain; firing Filter: 'org.springframework.security.web.servletapi.SecurityContextHolderAwareRequestFilter@12a961'
DEBUG btpool0-4 org.springframework.security.web.FilterChainProxy - / at position 7 of 10 in additional filter chain; firing Filter: 'org.springframework.security.web.authentication.AnonymousAuthenticationFilter@14b2819'
DEBUG btpool0-4 org.springframework.security.web.authentication.AnonymousAuthenticationFilter - Populated SecurityContextHolder with anonymous token: 'org.springframework.security.authentication.AnonymousAuthenticationToken@9055e4a6: Principal: anonymousUser; Password: [PROTECTED]; Authenticated: true; Details: org.springframework.security.web.authentication.WebAuthenticationDetails@957e: RemoteIpAddress: 127.0.0.1; SessionId: null; Granted Authorities: ROLE_ANONYMOUS'
DEBUG btpool0-4 org.springframework.security.web.FilterChainProxy - / at position 8 of 10 in additional filter chain; firing Filter: 'org.springframework.security.web.session.SessionManagementFilter@135b95d'
DEBUG btpool0-4 org.springframework.security.web.session.SessionManagementFilter - Requested session IDomug0uacgnl is invalid.
DEBUG btpool0-4 org.springframework.security.web.FilterChainProxy - / at position 9 of 10 in additional filter chain; firing Filter: 'org.springframework.security.web.access.ExceptionTranslationFilter@1cba87'
DEBUG btpool0-4 org.springframework.security.web.FilterChainProxy - / at position 10 of 10 in additional filter chain; firing Filter: 'org.springframework.security.web.access.intercept.FilterSecurityInterceptor@19fc4e'
DEBUG btpool0-4 org.springframework.security.web.access.expression.ExpressionBasedFilterInvocationSecurityMetadataSource - Converted URL to lowercase, from: '/'; to: '/'
DEBUG btpool0-4 org.springframework.security.web.access.expression.ExpressionBasedFilterInvocationSecurityMetadataSource - Candidate is: '/'; pattern is /choice/**; matched=false
DEBUG btpool0-4 org.springframework.security.web.access.expression.ExpressionBasedFilterInvocationSecurityMetadataSource - Candidate is: '/'; pattern is /member/**; matched=false
DEBUG btpool0-4 org.springframework.security.web.access.expression.ExpressionBasedFilterInvocationSecurityMetadataSource - Candidate is: '/'; pattern is /bisen/**; matched=false
DEBUG btpool0-4 org.springframework.security.web.access.expression.ExpressionBasedFilterInvocationSecurityMetadataSource - Candidate is: '/'; pattern is /author/**; matched=false
DEBUG btpool0-4 org.springframework.security.web.access.expression.ExpressionBasedFilterInvocationSecurityMetadataSource - Candidate is: '/'; pattern is /doc/**; matched=false
DEBUG btpool0-4 org.springframework.security.web.access.expression.ExpressionBasedFilterInvocationSecurityMetadataSource - Candidate is: '/'; pattern is /genre/**; matched=false
DEBUG btpool0-4 org.springframework.security.web.access.expression.ExpressionBasedFilterInvocationSecurityMetadataSource - Candidate is: '/'; pattern is /resources/**; matched=false
DEBUG btpool0-4 org.springframework.security.web.access.expression.ExpressionBasedFilterInvocationSecurityMetadataSource - Candidate is: '/'; pattern is /static/**; matched=false
DEBUG btpool0-4 org.springframework.security.web.access.expression.ExpressionBasedFilterInvocationSecurityMetadataSource - Candidate is: '/'; pattern is /login; matched=false
DEBUG btpool0-4 org.springframework.security.web.access.expression.ExpressionBasedFilterInvocationSecurityMetadataSource - Candidate is: '/'; pattern is /**; matched=true
DEBUG btpool0-4 org.springframework.security.web.access.intercept.FilterSecurityInterceptor - Secure object: FilterInvocation: URL: /; Attributes: [permitAll]
DEBUG btpool0-4 org.springframework.security.web.access.intercept.FilterSecurityInterceptor - Previously Authenticated: org.springframework.security.authentication.AnonymousAuthenticationToken@9055e4a6: Principal: anonymousUser; Password: [PROTECTED]; Authenticated: true; Details: org.springframework.security.web.authentication.WebAuthenticationDetails@957e: RemoteIpAddress: 127.0.0.1; SessionId: null; Granted Authorities: ROLE_ANONYMOUS
DEBUG btpool0-4 org.springframework.security.access.vote.AffirmativeBased - Voter: org.springframework.security.web.access.expression.WebExpressionVoter@1ccbdf7, returned: 1
DEBUG btpool0-4 org.springframework.security.web.access.intercept.FilterSecurityInterceptor - Authorization successful
DEBUG btpool0-4 org.springframework.security.web.access.intercept.FilterSecurityInterceptor - RunAsManager did not change Authentication object
DEBUG btpool0-4 org.springframework.security.web.FilterChainProxy - / reached end of additional filter chain; proceeding with original chain
DEBUG btpool0-4 org.springframework.web.servlet.DispatcherServlet - DispatcherServlet with name 'hunglish' determining Last-Modified value for [/hunglish/app/index]
DEBUG btpool0-4 org.springframework.web.servlet.handler.SimpleUrlHandlerMapping - Mapping [/index] to handler 'org.springframework.web.servlet.mvc.ParameterizableViewController@f8db08'
DEBUG btpool0-4 org.springframework.web.servlet.DispatcherServlet - Last-Modified value for [/hunglish/app/index] is: -1
DEBUG btpool0-4 org.springframework.web.servlet.DispatcherServlet - DispatcherServlet with name 'hunglish' processing GET request for [/hunglish/app/index]
DEBUG btpool0-4 org.springframework.web.servlet.DispatcherServlet - Rendering view [org.springframework.web.servlet.view.tiles2.TilesView: name 'index'; URL [index]] in DispatcherServlet with name 'hunglish'
DEBUG btpool0-4 org.apache.tiles.impl.BasicTilesContainer - Render request recieved for definition 'index'
DEBUG btpool0-4 org.springframework.web.servlet.DispatcherServlet - Successfully completed request
DEBUG btpool0-4 org.springframework.security.web.access.ExceptionTranslationFilter - Chain processed normally
DEBUG btpool0-4 org.springframework.security.web.context.HttpSessionSecurityContextRepository - SecurityContext contents are anonymous - context will not be stored in HttpSession. 
DEBUG btpool0-4 org.springframework.security.web.context.SecurityContextPersistenceFilter - SecurityContextHolder now cleared, as request processing completed
DEBUG btpool0-4 org.springframework.orm.jpa.support.OpenEntityManagerInViewFilter - Closing JPA EntityManager in OpenEntityManagerInViewFilter
DEBUG btpool0-4 org.springframework.orm.jpa.EntityManagerFactoryUtils - Closing JPA EntityManager
DEBUG btpool0-4 org.hibernate.impl.SessionImpl - opened session at timestamp: 12686855472
DEBUG btpool0-4 org.springframework.orm.jpa.support.OpenEntityManagerInViewFilter - Using EntityManagerFactory 'entityManagerFactory' for OpenEntityManagerInViewFilter
DEBUG btpool0-4 org.springframework.beans.factory.support.DefaultListableBeanFactory - Returning cached instance of singleton bean 'entityManagerFactory'
DEBUG btpool0-4 org.springframework.orm.jpa.support.OpenEntityManagerInViewFilter - Opening JPA EntityManager in OpenEntityManagerInViewFilter
DEBUG btpool0-4 org.springframework.security.web.FilterChainProxy - Converted URL to lowercase, from: '/static/images/bullet-arrow.png'; to: '/static/images/bullet-arrow.png'
DEBUG btpool0-4 org.springframework.security.web.FilterChainProxy - Candidate is: '/static/images/bullet-arrow.png'; pattern is /**; matched=true
DEBUG btpool0-4 org.springframework.security.web.FilterChainProxy - /static/images/bullet-arrow.png at position 1 of 10 in additional filter chain; firing Filter: 'org.springframework.security.web.context.SecurityContextPersistenceFilter@160e796'
DEBUG btpool0-4 org.springframework.security.web.context.HttpSessionSecurityContextRepository - HttpSession returned null object for SPRING_SECURITY_CONTEXT
DEBUG btpool0-4 org.springframework.security.web.context.HttpSessionSecurityContextRepository - No SecurityContext was available from the HttpSession: org.mortbay.jetty.servlet.HashSessionManager$Session:197qrme7gbrtl@33020593. A new one will be created.
DEBUG btpool0-4 org.springframework.security.web.FilterChainProxy - /static/images/bullet-arrow.png at position 2 of 10 in additional filter chain; firing Filter: 'org.springframework.security.web.authentication.logout.LogoutFilter@333b2e'
DEBUG btpool0-4 org.springframework.security.web.FilterChainProxy - /static/images/bullet-arrow.png at position 3 of 10 in additional filter chain; firing Filter: 'org.springframework.security.web.authentication.UsernamePasswordAuthenticationFilter@1727745'
DEBUG btpool0-4 org.springframework.security.web.FilterChainProxy - /static/images/bullet-arrow.png at position 4 of 10 in additional filter chain; firing Filter: 'org.springframework.security.web.authentication.www.BasicAuthenticationFilter@1f480e3'
DEBUG btpool0-4 org.springframework.security.web.FilterChainProxy - /static/images/bullet-arrow.png at position 5 of 10 in additional filter chain; firing Filter: 'org.springframework.security.web.savedrequest.RequestCacheAwareFilter@139ed6d'
DEBUG btpool0-4 org.springframework.security.web.FilterChainProxy - /static/images/bullet-arrow.png at position 6 of 10 in additional filter chain; firing Filter: 'org.springframework.security.web.servletapi.SecurityContextHolderAwareRequestFilter@12a961'
DEBUG btpool0-4 org.springframework.security.web.FilterChainProxy - /static/images/bullet-arrow.png at position 7 of 10 in additional filter chain; firing Filter: 'org.springframework.security.web.authentication.AnonymousAuthenticationFilter@14b2819'
DEBUG btpool0-4 org.springframework.security.web.authentication.AnonymousAuthenticationFilter - Populated SecurityContextHolder with anonymous token: 'org.springframework.security.authentication.AnonymousAuthenticationToken@6faa1b5a: Principal: anonymousUser; Password: [PROTECTED]; Authenticated: true; Details: org.springframework.security.web.authentication.WebAuthenticationDetails@ffff6a82: RemoteIpAddress: 127.0.0.1; SessionId: 197qrme7gbrtl; Granted Authorities: ROLE_ANONYMOUS'
DEBUG btpool0-4 org.springframework.security.web.FilterChainProxy - /static/images/bullet-arrow.png at position 8 of 10 in additional filter chain; firing Filter: 'org.springframework.security.web.session.SessionManagementFilter@135b95d'
DEBUG btpool0-4 org.springframework.security.web.FilterChainProxy - /static/images/bullet-arrow.png at position 9 of 10 in additional filter chain; firing Filter: 'org.springframework.security.web.access.ExceptionTranslationFilter@1cba87'
DEBUG btpool0-4 org.springframework.security.web.FilterChainProxy - /static/images/bullet-arrow.png at position 10 of 10 in additional filter chain; firing Filter: 'org.springframework.security.web.access.intercept.FilterSecurityInterceptor@19fc4e'
DEBUG btpool0-4 org.springframework.security.web.access.expression.ExpressionBasedFilterInvocationSecurityMetadataSource - Converted URL to lowercase, from: '/static/images/bullet-arrow.png'; to: '/static/images/bullet-arrow.png'
DEBUG btpool0-4 org.springframework.security.web.access.expression.ExpressionBasedFilterInvocationSecurityMetadataSource - Candidate is: '/static/images/bullet-arrow.png'; pattern is /choice/**; matched=false
DEBUG btpool0-4 org.springframework.security.web.access.expression.ExpressionBasedFilterInvocationSecurityMetadataSource - Candidate is: '/static/images/bullet-arrow.png'; pattern is /member/**; matched=false
DEBUG btpool0-4 org.springframework.security.web.access.expression.ExpressionBasedFilterInvocationSecurityMetadataSource - Candidate is: '/static/images/bullet-arrow.png'; pattern is /bisen/**; matched=false
DEBUG btpool0-4 org.springframework.security.web.access.expression.ExpressionBasedFilterInvocationSecurityMetadataSource - Candidate is: '/static/images/bullet-arrow.png'; pattern is /author/**; matched=false
DEBUG btpool0-4 org.springframework.security.web.access.expression.ExpressionBasedFilterInvocationSecurityMetadataSource - Candidate is: '/static/images/bullet-arrow.png'; pattern is /doc/**; matched=false
DEBUG btpool0-4 org.springframework.security.web.access.expression.ExpressionBasedFilterInvocationSecurityMetadataSource - Candidate is: '/static/images/bullet-arrow.png'; pattern is /genre/**; matched=false
DEBUG btpool0-4 org.springframework.security.web.access.expression.ExpressionBasedFilterInvocationSecurityMetadataSource - Candidate is: '/static/images/bullet-arrow.png'; pattern is /resources/**; matched=false
DEBUG btpool0-4 org.springframework.security.web.access.expression.ExpressionBasedFilterInvocationSecurityMetadataSource - Candidate is: '/static/images/bullet-arrow.png'; pattern is /static/**; matched=true
DEBUG btpool0-4 org.springframework.security.web.access.intercept.FilterSecurityInterceptor - Secure object: FilterInvocation: URL: /static/images/bullet-arrow.png; Attributes: [permitAll]
DEBUG btpool0-4 org.springframework.security.web.access.intercept.FilterSecurityInterceptor - Previously Authenticated: org.springframework.security.authentication.AnonymousAuthenticationToken@6faa1b5a: Principal: anonymousUser; Password: [PROTECTED]; Authenticated: true; Details: org.springframework.security.web.authentication.WebAuthenticationDetails@ffff6a82: RemoteIpAddress: 127.0.0.1; SessionId: 197qrme7gbrtl; Granted Authorities: ROLE_ANONYMOUS
DEBUG btpool0-4 org.springframework.security.access.vote.AffirmativeBased - Voter: org.springframework.security.web.access.expression.WebExpressionVoter@1ccbdf7, returned: 1
DEBUG btpool0-4 org.springframework.security.web.access.intercept.FilterSecurityInterceptor - Authorization successful
DEBUG btpool0-4 org.springframework.security.web.access.intercept.FilterSecurityInterceptor - RunAsManager did not change Authentication object
DEBUG btpool0-4 org.springframework.security.web.FilterChainProxy - /static/images/bullet-arrow.png reached end of additional filter chain; proceeding with original chain
DEBUG btpool0-4 org.springframework.security.web.context.HttpSessionSecurityContextRepository - SecurityContext contents are anonymous - context will not be stored in HttpSession. 
DEBUG btpool0-4 org.springframework.web.servlet.DispatcherServlet - DispatcherServlet with name 'hunglish' determining Last-Modified value for [/hunglish/app/resourceNotFound]
DEBUG btpool0-4 org.springframework.web.servlet.handler.SimpleUrlHandlerMapping - Mapping [/resourceNotFound] to handler 'org.springframework.web.servlet.mvc.ParameterizableViewController@18f1327'
DEBUG btpool0-4 org.springframework.web.servlet.DispatcherServlet - Last-Modified value for [/hunglish/app/resourceNotFound] is: -1
DEBUG btpool0-4 org.springframework.web.servlet.DispatcherServlet - DispatcherServlet with name 'hunglish' processing GET request for [/hunglish/app/resourceNotFound]
DEBUG btpool0-4 org.springframework.web.servlet.DispatcherServlet - Rendering view [org.springframework.web.servlet.view.tiles2.TilesView: name 'resourceNotFound'; URL [resourceNotFound]] in DispatcherServlet with name 'hunglish'
DEBUG btpool0-4 org.apache.tiles.impl.BasicTilesContainer - Render request recieved for definition 'resourceNotFound'
DEBUG btpool0-4 org.springframework.web.servlet.DispatcherServlet - Successfully completed request
DEBUG btpool0-4 org.springframework.security.web.access.ExceptionTranslationFilter - Chain processed normally
DEBUG btpool0-4 org.springframework.security.web.context.SecurityContextPersistenceFilter - SecurityContextHolder now cleared, as request processing completed
DEBUG btpool0-4 org.springframework.orm.jpa.support.OpenEntityManagerInViewFilter - Closing JPA EntityManager in OpenEntityManagerInViewFilter
DEBUG btpool0-4 org.springframework.orm.jpa.EntityManagerFactoryUtils - Closing JPA EntityManager
DEBUG btpool0-4 org.hibernate.impl.SessionImpl - opened session at timestamp: 12686855475
DEBUG btpool0-4 org.springframework.orm.jpa.support.OpenEntityManagerInViewFilter - Using EntityManagerFactory 'entityManagerFactory' for OpenEntityManagerInViewFilter
DEBUG btpool0-4 org.springframework.beans.factory.support.DefaultListableBeanFactory - Returning cached instance of singleton bean 'entityManagerFactory'
DEBUG btpool0-4 org.springframework.orm.jpa.support.OpenEntityManagerInViewFilter - Opening JPA EntityManager in OpenEntityManagerInViewFilter
DEBUG btpool0-4 org.springframework.security.web.FilterChainProxy - Converted URL to lowercase, from: '/static/images/sub-bullet.gif'; to: '/static/images/sub-bullet.gif'
DEBUG btpool0-4 org.springframework.security.web.FilterChainProxy - Candidate is: '/static/images/sub-bullet.gif'; pattern is /**; matched=true
DEBUG btpool0-4 org.springframework.security.web.FilterChainProxy - /static/images/sub-bullet.gif at position 1 of 10 in additional filter chain; firing Filter: 'org.springframework.security.web.context.SecurityContextPersistenceFilter@160e796'
DEBUG btpool0-4 org.springframework.security.web.context.HttpSessionSecurityContextRepository - HttpSession returned null object for SPRING_SECURITY_CONTEXT
DEBUG btpool0-4 org.springframework.security.web.context.HttpSessionSecurityContextRepository - No SecurityContext was available from the HttpSession: org.mortbay.jetty.servlet.HashSessionManager$Session:197qrme7gbrtl@33020593. A new one will be created.
DEBUG btpool0-4 org.springframework.security.web.FilterChainProxy - /static/images/sub-bullet.gif at position 2 of 10 in additional filter chain; firing Filter: 'org.springframework.security.web.authentication.logout.LogoutFilter@333b2e'
DEBUG btpool0-4 org.springframework.security.web.FilterChainProxy - /static/images/sub-bullet.gif at position 3 of 10 in additional filter chain; firing Filter: 'org.springframework.security.web.authentication.UsernamePasswordAuthenticationFilter@1727745'
DEBUG btpool0-4 org.springframework.security.web.FilterChainProxy - /static/images/sub-bullet.gif at position 4 of 10 in additional filter chain; firing Filter: 'org.springframework.security.web.authentication.www.BasicAuthenticationFilter@1f480e3'
DEBUG btpool0-4 org.springframework.security.web.FilterChainProxy - /static/images/sub-bullet.gif at position 5 of 10 in additional filter chain; firing Filter: 'org.springframework.security.web.savedrequest.RequestCacheAwareFilter@139ed6d'
DEBUG btpool0-4 org.springframework.security.web.FilterChainProxy - /static/images/sub-bullet.gif at position 6 of 10 in additional filter chain; firing Filter: 'org.springframework.security.web.servletapi.SecurityContextHolderAwareRequestFilter@12a961'
DEBUG btpool0-4 org.springframework.security.web.FilterChainProxy - /static/images/sub-bullet.gif at position 7 of 10 in additional filter chain; firing Filter: 'org.springframework.security.web.authentication.AnonymousAuthenticationFilter@14b2819'
DEBUG btpool0-4 org.springframework.security.web.authentication.AnonymousAuthenticationFilter - Populated SecurityContextHolder with anonymous token: 'org.springframework.security.authentication.AnonymousAuthenticationToken@6faa1b5a: Principal: anonymousUser; Password: [PROTECTED]; Authenticated: true; Details: org.springframework.security.web.authentication.WebAuthenticationDetails@ffff6a82: RemoteIpAddress: 127.0.0.1; SessionId: 197qrme7gbrtl; Granted Authorities: ROLE_ANONYMOUS'
DEBUG btpool0-4 org.springframework.security.web.FilterChainProxy - /static/images/sub-bullet.gif at position 8 of 10 in additional filter chain; firing Filter: 'org.springframework.security.web.session.SessionManagementFilter@135b95d'
DEBUG btpool0-4 org.springframework.security.web.FilterChainProxy - /static/images/sub-bullet.gif at position 9 of 10 in additional filter chain; firing Filter: 'org.springframework.security.web.access.ExceptionTranslationFilter@1cba87'
DEBUG btpool0-4 org.springframework.security.web.FilterChainProxy - /static/images/sub-bullet.gif at position 10 of 10 in additional filter chain; firing Filter: 'org.springframework.security.web.access.intercept.FilterSecurityInterceptor@19fc4e'
DEBUG btpool0-4 org.springframework.security.web.access.expression.ExpressionBasedFilterInvocationSecurityMetadataSource - Converted URL to lowercase, from: '/static/images/sub-bullet.gif'; to: '/static/images/sub-bullet.gif'
DEBUG btpool0-4 org.springframework.security.web.access.expression.ExpressionBasedFilterInvocationSecurityMetadataSource - Candidate is: '/static/images/sub-bullet.gif'; pattern is /choice/**; matched=false
DEBUG btpool0-4 org.springframework.security.web.access.expression.ExpressionBasedFilterInvocationSecurityMetadataSource - Candidate is: '/static/images/sub-bullet.gif'; pattern is /member/**; matched=false
DEBUG btpool0-4 org.springframework.security.web.access.expression.ExpressionBasedFilterInvocationSecurityMetadataSource - Candidate is: '/static/images/sub-bullet.gif'; pattern is /bisen/**; matched=false
DEBUG btpool0-4 org.springframework.security.web.access.expression.ExpressionBasedFilterInvocationSecurityMetadataSource - Candidate is: '/static/images/sub-bullet.gif'; pattern is /author/**; matched=false
DEBUG btpool0-4 org.springframework.security.web.access.expression.ExpressionBasedFilterInvocationSecurityMetadataSource - Candidate is: '/static/images/sub-bullet.gif'; pattern is /doc/**; matched=false
DEBUG btpool0-4 org.springframework.security.web.access.expression.ExpressionBasedFilterInvocationSecurityMetadataSource - Candidate is: '/static/images/sub-bullet.gif'; pattern is /genre/**; matched=false
DEBUG btpool0-4 org.springframework.security.web.access.expression.ExpressionBasedFilterInvocationSecurityMetadataSource - Candidate is: '/static/images/sub-bullet.gif'; pattern is /resources/**; matched=false
DEBUG btpool0-4 org.springframework.security.web.access.expression.ExpressionBasedFilterInvocationSecurityMetadataSource - Candidate is: '/static/images/sub-bullet.gif'; pattern is /static/**; matched=true
DEBUG btpool0-4 org.springframework.security.web.access.intercept.FilterSecurityInterceptor - Secure object: FilterInvocation: URL: /static/images/sub-bullet.gif; Attributes: [permitAll]
DEBUG btpool0-4 org.springframework.security.web.access.intercept.FilterSecurityInterceptor - Previously Authenticated: org.springframework.security.authentication.AnonymousAuthenticationToken@6faa1b5a: Principal: anonymousUser; Password: [PROTECTED]; Authenticated: true; Details: org.springframework.security.web.authentication.WebAuthenticationDetails@ffff6a82: RemoteIpAddress: 127.0.0.1; SessionId: 197qrme7gbrtl; Granted Authorities: ROLE_ANONYMOUS
DEBUG btpool0-4 org.springframework.security.access.vote.AffirmativeBased - Voter: org.springframework.security.web.access.expression.WebExpressionVoter@1ccbdf7, returned: 1
DEBUG btpool0-4 org.springframework.security.web.access.intercept.FilterSecurityInterceptor - Authorization successful
DEBUG btpool0-4 org.springframework.security.web.access.intercept.FilterSecurityInterceptor - RunAsManager did not change Authentication object
DEBUG btpool0-4 org.springframework.security.web.FilterChainProxy - /static/images/sub-bullet.gif reached end of additional filter chain; proceeding with original chain
DEBUG btpool0-4 org.springframework.security.web.context.HttpSessionSecurityContextRepository - SecurityContext contents are anonymous - context will not be stored in HttpSession. 
DEBUG btpool0-4 org.springframework.web.servlet.DispatcherServlet - DispatcherServlet with name 'hunglish' determining Last-Modified value for [/hunglish/app/resourceNotFound]
DEBUG btpool0-4 org.springframework.web.servlet.handler.SimpleUrlHandlerMapping - Mapping [/resourceNotFound] to handler 'org.springframework.web.servlet.mvc.ParameterizableViewController@18f1327'
DEBUG btpool0-4 org.springframework.web.servlet.DispatcherServlet - Last-Modified value for [/hunglish/app/resourceNotFound] is: -1
DEBUG btpool0-4 org.springframework.web.servlet.DispatcherServlet - DispatcherServlet with name 'hunglish' processing GET request for [/hunglish/app/resourceNotFound]
DEBUG btpool0-4 org.springframework.web.servlet.DispatcherServlet - Rendering view [org.springframework.web.servlet.view.tiles2.TilesView: name 'resourceNotFound'; URL [resourceNotFound]] in DispatcherServlet with name 'hunglish'
DEBUG btpool0-4 org.apache.tiles.impl.BasicTilesContainer - Render request recieved for definition 'resourceNotFound'
DEBUG btpool0-4 org.springframework.web.servlet.DispatcherServlet - Successfully completed request
DEBUG btpool0-4 org.springframework.security.web.access.ExceptionTranslationFilter - Chain processed normally
DEBUG btpool0-4 org.springframework.security.web.context.SecurityContextPersistenceFilter - SecurityContextHolder now cleared, as request processing completed
DEBUG btpool0-4 org.springframework.orm.jpa.support.OpenEntityManagerInViewFilter - Closing JPA EntityManager in OpenEntityManagerInViewFilter
DEBUG btpool0-4 org.springframework.orm.jpa.EntityManagerFactoryUtils - Closing JPA EntityManager
DEBUG btpool0-4 org.hibernate.impl.SessionImpl - opened session at timestamp: 12686855476
INFO Shutdown org.springframework.web.context.support.XmlWebApplicationContext - Closing WebApplicationContext for namespace 'hunglish-servlet': startup date [Mon Mar 15 21:00:13 CET 2010]; parent: Root WebApplicationContext
DEBUG Shutdown org.springframework.beans.factory.support.DefaultListableBeanFactory - Returning cached instance of singleton bean 'lifecycleProcessor'
INFO Shutdown org.springframework.beans.factory.support.DefaultListableBeanFactory - Destroying singletons in org.springframework.beans.factory.support.DefaultListableBeanFactory@b56559: defining beans [authorController,bisenController,docController,genreController,uploadController,org.springframework.context.annotation.internalConfigurationAnnotationProcessor,org.springframework.context.annotation.internalAutowiredAnnotationProcessor,org.springframework.context.annotation.internalRequiredAnnotationProcessor,org.springframework.context.annotation.internalCommonAnnotationProcessor,org.springframework.context.annotation.internalPersistenceAnnotationProcessor,org.springframework.web.servlet.mvc.annotation.DefaultAnnotationHandlerMapping#0,org.springframework.format.support.FormattingConversionServiceFactoryBean#0,org.springframework.validation.beanvalidation.LocalValidatorFactoryBean#0,org.springframework.web.servlet.mvc.annotation.AnnotationMethodHandlerAdapter#0,org.springframework.web.servlet.handler.MappedInterceptor#0,org.springframework.web.servlet.handler.MappedInterceptor#1,org.springframework.web.servlet.mvc.SimpleControllerHandlerAdapter#0,org.springframework.web.servlet.handler.SimpleUrlHandlerMapping#0,tilesViewResolver,tilesConfigurer,messageSource,localeResolver,themeSource,themeResolver,org.springframework.web.servlet.handler.SimpleMappingExceptionResolver#0,multipartResolver]; parent: org.springframework.beans.factory.support.DefaultListableBeanFactory@c3d31c
DEBUG Shutdown org.springframework.beans.factory.support.DisposableBeanAdapter - Invoking destroy() on bean with name 'tilesConfigurer'
INFO Shutdown org.apache.tiles.servlet.context.ServletUtil - Removing TilesContext for context: org.mortbay.jetty.servlet.Context$SContext
DEBUG Shutdown org.springframework.beans.factory.support.DefaultListableBeanFactory - Retrieved dependent beans for bean '(inner bean)#6': [org.springframework.web.servlet.handler.SimpleUrlHandlerMapping#0]
DEBUG Shutdown org.springframework.beans.factory.support.DefaultListableBeanFactory - Retrieved dependent beans for bean '(inner bean)': [org.springframework.web.servlet.mvc.annotation.AnnotationMethodHandlerAdapter#0]
DEBUG Shutdown org.springframework.beans.factory.support.DefaultListableBeanFactory - Retrieved dependent beans for bean 'org.springframework.web.servlet.i18n.LocaleChangeInterceptor#0': [org.springframework.web.servlet.handler.MappedInterceptor#1]
DEBUG Shutdown org.springframework.beans.factory.support.DefaultListableBeanFactory - Retrieved dependent beans for bean 'org.springframework.web.servlet.theme.ThemeChangeInterceptor#0': [org.springframework.web.servlet.handler.MappedInterceptor#0]
INFO Shutdown org.springframework.web.context.support.XmlWebApplicationContext - Closing Root WebApplicationContext: startup date [Mon Mar 15 20:59:36 CET 2010]; root of context hierarchy
DEBUG Shutdown org.springframework.beans.factory.support.DefaultListableBeanFactory - Returning cached instance of singleton bean 'lifecycleProcessor'
INFO Shutdown org.springframework.beans.factory.support.DefaultListableBeanFactory - Destroying singletons in org.springframework.beans.factory.support.DefaultListableBeanFactory@c3d31c: defining beans [org.springframework.security.web.PortMapperImpl#0,org.springframework.security.web.context.HttpSessionSecurityContextRepository#0,org.springframework.security.web.authentication.session.SessionFixationProtectionStrategy#0,org.springframework.security.authentication.ProviderManager#0,org.springframework.security.web.access.expression.DefaultWebSecurityExpressionHandler#0,org.springframework.security.access.vote.AffirmativeBased#0,org.springframework.security.web.access.intercept.FilterSecurityInterceptor#0,org.springframework.security.web.access.DefaultWebInvocationPrivilegeEvaluator#0,org.springframework.security.authentication.AnonymousAuthenticationProvider#0,org.springframework.security.web.savedrequest.HttpSessionRequestCache#0,org.springframework.security.web.authentication.www.BasicAuthenticationEntryPoint#0,org.springframework.security.web.authentication.UsernamePasswordAuthenticationFilter#0,org.springframework.security.config.http.UserDetailsServiceInjectionBeanPostProcessor#0,org.springframework.security.filterChainProxy,org.springframework.security.core.userdetails.memory.InMemoryDaoImpl#0,org.springframework.security.authentication.dao.DaoAuthenticationProvider#0,org.springframework.security.authentication.DefaultAuthenticationEventPublisher#0,org.springframework.security.authenticationManager,org.springframework.beans.factory.config.PropertyPlaceholderConfigurer#0,org.springframework.context.config.internalBeanConfigurerAspect,org.springframework.context.annotation.internalConfigurationAnnotationProcessor,org.springframework.context.annotation.internalAutowiredAnnotationProcessor,org.springframework.context.annotation.internalRequiredAnnotationProcessor,org.springframework.context.annotation.internalCommonAnnotationProcessor,org.springframework.context.annotation.internalPersistenceAnnotationProcessor,dataSource,transactionManager,org.springframework.transaction.config.internalTransactionAspect,entityManagerFactory]; root of factory hierarchy
DEBUG Shutdown org.springframework.beans.factory.support.DefaultListableBeanFactory - Retrieved dependent beans for bean 'entityManagerFactory': [hu.mokk.hunglish.domain.Bisen, hu.mokk.hunglish.domain.Author, hu.mokk.hunglish.domain.Genre, hu.mokk.hunglish.domain.Doc]
DEBUG Shutdown org.springframework.beans.factory.support.DisposableBeanAdapter - Invoking destroy() on bean with name 'entityManagerFactory'
INFO Shutdown org.springframework.orm.jpa.LocalContainerEntityManagerFactoryBean - Closing JPA EntityManagerFactory for persistence unit 'persistenceUnit'
INFO Shutdown org.hibernate.impl.SessionFactoryImpl - closing
DEBUG Shutdown org.springframework.beans.factory.support.DisposableBeanAdapter - Invoking destroy method 'close' on bean with name 'dataSource'
DEBUG Shutdown org.springframework.beans.factory.support.DisposableBeanAdapter - Invoking destroy() on bean with name 'org.springframework.context.config.internalBeanConfigurerAspect'
DEBUG Shutdown org.springframework.beans.factory.support.DisposableBeanAdapter - Invoking destroy() on bean with name 'org.springframework.security.filterChainProxy'
DEBUG Shutdown org.springframework.beans.factory.support.DefaultListableBeanFactory - Retrieved dependent beans for bean '(inner bean)#26': [org.springframework.security.filterChainProxy]
DEBUG Shutdown org.springframework.beans.factory.support.DisposableBeanAdapter - Invoking destroy() on bean with name '(inner bean)#26'
DEBUG Shutdown org.springframework.beans.factory.support.DisposableBeanAdapter - Invoking destroy() on bean with name '(inner bean)#27'
DEBUG Shutdown org.springframework.beans.factory.support.DefaultListableBeanFactory - Retrieved dependent beans for bean '(inner bean)#28': [(inner bean)#28]
DEBUG Shutdown org.springframework.beans.factory.support.DisposableBeanAdapter - Invoking destroy() on bean with name '(inner bean)#28'
DEBUG Shutdown org.springframework.beans.factory.support.DisposableBeanAdapter - Invoking destroy() on bean with name '(inner bean)#30'
DEBUG Shutdown org.springframework.beans.factory.support.DisposableBeanAdapter - Invoking destroy() on bean with name '(inner bean)#31'
DEBUG Shutdown org.springframework.beans.factory.support.DisposableBeanAdapter - Invoking destroy() on bean with name '(inner bean)#32'
DEBUG Shutdown org.springframework.beans.factory.support.DisposableBeanAdapter - Invoking destroy() on bean with name '(inner bean)#33'
DEBUG Shutdown org.springframework.beans.factory.support.DefaultListableBeanFactory - Retrieved dependent beans for bean '(inner bean)#34': [(inner bean)#34]
DEBUG Shutdown org.springframework.beans.factory.support.DisposableBeanAdapter - Invoking destroy() on bean with name '(inner bean)#34'
DEBUG Shutdown org.springframework.beans.factory.support.DefaultListableBeanFactory - Retrieved dependent beans for bean '(inner bean)#35': [(inner bean)#35]
DEBUG Shutdown org.springframework.beans.factory.support.DisposableBeanAdapter - Invoking destroy() on bean with name '(inner bean)#35'
DEBUG Shutdown org.springframework.beans.factory.support.DisposableBeanAdapter - Invoking destroy() on bean with name 'org.springframework.security.web.authentication.UsernamePasswordAuthenticationFilter#0'
DEBUG Shutdown org.springframework.beans.factory.support.DefaultListableBeanFactory - Retrieved dependent beans for bean '(inner bean)#24': [org.springframework.security.web.authentication.UsernamePasswordAuthenticationFilter#0]
DEBUG Shutdown org.springframework.beans.factory.support.DefaultListableBeanFactory - Retrieved dependent beans for bean '(inner bean)#23': [org.springframework.security.web.savedrequest.HttpSessionRequestCache#0]
DEBUG Shutdown org.springframework.beans.factory.support.DefaultListableBeanFactory - Retrieved dependent beans for bean '(inner bean)#3': [(inner bean)#3, org.springframework.security.web.access.intercept.FilterSecurityInterceptor#0]
DEBUG Shutdown org.springframework.beans.factory.support.DefaultListableBeanFactory - Retrieved dependent beans for bean '(inner bean)#2': [org.springframework.security.access.vote.AffirmativeBased#0]
DEBUG Shutdown org.springframework.beans.factory.support.DefaultListableBeanFactory - Retrieved dependent beans for bean '(inner bean)': [org.springframework.security.authentication.ProviderManager#0]
DEBUG Shutdown org.springframework.beans.factory.support.DefaultListableBeanFactory - Retrieved dependent beans for bean '(inner bean)#1': [org.springframework.security.authentication.dao.DaoAuthenticationProvider#0]
